Log file open, 03/28/17 22:47:39
LogInit:Display: Running engine for game: LimbGet
LogPlatformFile: Not using cached read wrapper
LogInit:Display: RandInit(1384546138) SRandInit(1384546138).
LogTaskGraph: Started task graph with 5 named threads and 8 total threads with 1 sets of task threads.
LogStats: Stats thread started at 0.065879
LogInit: Using libcurl 7.47.1
LogInit:  - built for x86_64-pc-win32
LogInit:  - supports SSL with OpenSSL/1.0.2g
LogInit:  - supports HTTP deflate (compression) using libz 1.2.8
LogInit:  - other features:
LogInit:      CURL_VERSION_SSL
LogInit:      CURL_VERSION_LIBZ
LogInit:      CURL_VERSION_IPV6
LogInit:      CURL_VERSION_ASYNCHDNS
LogInit:      CURL_VERSION_LARGEFILE
LogInit:      CURL_VERSION_IDN
LogInit:  CurlRequestOptions (configurable via config and command line):
LogInit:  - bVerifyPeer = false  - Libcurl will NOT verify peer certificate
LogInit:  - bUseHttpProxy = false  - Libcurl will NOT use HTTP proxy
LogInit:  - bDontReuseConnections = false  - Libcurl will reuse connections
LogInit:  - CertBundlePath = nullptr  - Libcurl will use whatever was configured at build time.
LogInit: Build: ++UE4+Release-4.15-CL-3348071
LogInit: Engine Version: 4.15.1-3348071+++UE4+Release-4.15
LogInit: Compatible Engine Version: 4.15.0-3299760+++UE4+Release-4.15
LogInit: Net CL: 3299760
LogDevObjectVersion: Number of dev versions registered: 14
LogDevObjectVersion:   Dev-Blueprints (B0D832E4-1F89-4F0D-ACCF-7EB736FD4AA2): 8
LogDevObjectVersion:   Dev-Build (E1C64328-A22C-4D53-A36C-8E866417BD8C): 0
LogDevObjectVersion:   Dev-Core (375EC13C-06E4-48FB-B500-84F0262A717E): 2
LogDevObjectVersion:   Dev-Editor (E4B068ED-F494-42E9-A231-DA0B2E46BB41): 14
LogDevObjectVersion:   Dev-Framework (CFFC743F-43B0-4480-9391-14DF171D2073): 22
LogDevObjectVersion:   Dev-Mobile (B02B49B5-BB20-44E9-A304-32B752E40360): 0
LogDevObjectVersion:   Dev-Networking (A4E4105C-59A1-49B5-A7C5-40C4547EDFEE): 0
LogDevObjectVersion:   Dev-Online (39C831C9-5AE6-47DC-9A44-9C173E1C8E7C): 0
LogDevObjectVersion:   Dev-Physics (78F01B33-EBEA-4F98-B9B4-84EACCB95AA2): 0
LogDevObjectVersion:   Dev-Platform (6631380F-2D4D-43E0-8009-CF276956A95A): 0
LogDevObjectVersion:   Dev-Rendering (12F88B9F-8875-4AFC-A67C-D90C383ABD29): 12
LogDevObjectVersion:   Dev-Sequencer (7B5AE74C-D270-4C10-A958-57980B212A5A): 3
LogDevObjectVersion:   Dev-VR (D7296918-1DD6-4BDD-9DE2-64A83CC13884): 0
LogDevObjectVersion:   Dev-LoadTimes (C2A15278-BFE7-4AFE-6C17-90FF531DF755): 1
LogInit: Compiled (64-bit): Mar 15 2017 16:52:47
LogInit: Compiled with Visual C++: 19.00.23026.00
LogInit: Build Configuration: Development
LogInit: Branch Name: ++UE4+Release-4.15
LogInit: Command line: -EpicPortal 
LogInit: Base directory: G:/Program Files (x86)/Epic Games/UE_4.15/Engine/Binaries/Win64/
LogInit: Installed Engine Build: 1
LogInit: Presizing for max 8388607 objects, including 0 objects not considered by GC, pre-allocating 0 bytes for permanent pool.
LogInit: Object subsystem initialized
[2017.03.29-03.47.39:924][  0]LogInit: Selected Device Profile: [Windows]
[2017.03.29-03.47.39:924][  0]LogInit: Applying CVar settings loaded from the selected device profile: [Windows]
[2017.03.29-03.47.39:930][  0]LogInit: Computer: DESKTOP-V859P9R
[2017.03.29-03.47.39:930][  0]LogInit: User: bmeck
[2017.03.29-03.47.39:930][  0]LogInit: CPU Page size=65536, Cores=4
[2017.03.29-03.47.39:930][  0]LogInit: High frequency timer resolution =3.914061 MHz
[2017.03.29-03.47.39:930][  0]LogMemory: Memory total: Physical=15.9GB (16GB approx)
[2017.03.29-03.47.39:930][  0]LogMemory: Platform Memory Stats for Windows
[2017.03.29-03.47.39:930][  0]LogMemory: Process Physical Memory: 263.13 MB used, 263.13 MB peak
[2017.03.29-03.47.39:930][  0]LogMemory: Process Virtual Memory: 262.77 MB used, 262.77 MB peak
[2017.03.29-03.47.39:930][  0]LogMemory: Physical Memory: 8132.96 MB used,  8167.67 MB free, 16300.63 MB total
[2017.03.29-03.47.39:930][  0]LogMemory: Virtual Memory: 630.68 MB used,  8167.67 MB free, 134217728.00 MB total
[2017.03.29-03.47.39:981][  0]LogTextLocalizationManager: No specific translations for ('en-US') exist, so ('en') translations will be used.
[2017.03.29-03.47.40:546][  0]LogD3D11RHI: D3D11 adapters:
[2017.03.29-03.47.40:985][  0]LogD3D11RHI:    0. 'NVIDIA GeForce GTX 970' (Feature Level 11_0)
[2017.03.29-03.47.40:985][  0]LogD3D11RHI:       4059/0/8150 MB DedicatedVideo/DedicatedSystem/SharedSystem, Outputs:2, VendorId:0x10de
[2017.03.29-03.47.40:986][  0]LogD3D11RHI:    1. 'Microsoft Basic Render Driver' (Feature Level 11_0)
[2017.03.29-03.47.40:986][  0]LogD3D11RHI:       0/0/8150 MB DedicatedVideo/DedicatedSystem/SharedSystem, Outputs:0, VendorId:0x1414
[2017.03.29-03.47.40:986][  0]LogD3D11RHI: Chosen D3D11 Adapter: 0
[2017.03.29-03.47.40:991][  0]LogD3D11RHI: Creating new Direct3DDevice
[2017.03.29-03.47.40:991][  0]LogD3D11RHI:     GPU DeviceId: 0x13c2 (for the marketing name, search the web for "GPU Device Id")
[2017.03.29-03.47.40:991][  0]LogWindows: EnumDisplayDevices:
[2017.03.29-03.47.40:991][  0]LogWindows:    0. 'NVIDIA GeForce GTX 970' (P:1 D:1)
[2017.03.29-03.47.40:992][  0]LogWindows:    1. 'NVIDIA GeForce GTX 970' (P:0 D:1)
[2017.03.29-03.47.40:992][  0]LogWindows:    2. 'NVIDIA GeForce GTX 970' (P:0 D:0)
[2017.03.29-03.47.40:992][  0]LogWindows:    3. 'NVIDIA GeForce GTX 970' (P:0 D:0)
[2017.03.29-03.47.40:992][  0]LogWindows: DebugString: FoundDriverCount:4 
[2017.03.29-03.47.40:992][  0]LogD3D11RHI:     Adapter Name: NVIDIA GeForce GTX 970
[2017.03.29-03.47.40:992][  0]LogD3D11RHI:   Driver Version: 378.66 (internal:21.21.13.7866, unified:378.66)
[2017.03.29-03.47.40:992][  0]LogD3D11RHI:      Driver Date: 2-9-2017
[2017.03.29-03.47.40:992][  0]LogRHI: Texture pool is 1361 MB (70% of 1945 MB)
[2017.03.29-03.47.41:402][  0]LogD3D11RHI: Async texture creation enabled
[2017.03.29-03.47.41:425][  0]LogD3D11RHI: GPU Timing Frequency: 1000.000000 (Debug: 2 1)
[2017.03.29-03.47.41:572][  0]LogShaderCompilers: Guid format shader working directory is 11 characters bigger than the processId version (D:/Projects/Unreal/LimbGit/LimbGet/Intermediate/Shaders/WorkingDirectory/11068/).
[2017.03.29-03.47.41:572][  0]LogShaderCompilers: Cleaned the shader compiler working directory 'C:/Users/bmeck/AppData/Local/Temp/UnrealShaderWorkingDir/7008C6FB45B9966F2B7894AAC2199707/'.
[2017.03.29-03.47.41:572][  0]LogShaderCompilers:Display: Using Local Shader Compiler.
[2017.03.29-03.47.42:385][  0]LogTemp:Display: Loaded TP AllDesktopTargetPlatform
[2017.03.29-03.47.42:421][  0]LogTemp:Display: Loaded TP MacClientTargetPlatform
[2017.03.29-03.47.42:457][  0]LogTemp:Display: Loaded TP MacNoEditorTargetPlatform
[2017.03.29-03.47.42:493][  0]LogTemp:Display: Loaded TP MacServerTargetPlatform
[2017.03.29-03.47.42:530][  0]LogTemp:Display: Loaded TP MacTargetPlatform
[2017.03.29-03.47.42:565][  0]LogTemp:Display: Loaded TP WindowsClientTargetPlatform
[2017.03.29-03.47.42:601][  0]LogTemp:Display: Loaded TP WindowsNoEditorTargetPlatform
[2017.03.29-03.47.42:637][  0]LogTemp:Display: Loaded TP WindowsServerTargetPlatform
[2017.03.29-03.47.42:665][  0]LogTemp:Display: Loaded TP WindowsTargetPlatform
[2017.03.29-03.47.42:701][  0]LogTemp:Display: Loaded TP AndroidTargetPlatform
[2017.03.29-03.47.42:736][  0]LogTemp:Display: Loaded TP Android_ASTCTargetPlatform
[2017.03.29-03.47.42:771][  0]LogTemp:Display: Loaded TP Android_ATCTargetPlatform
[2017.03.29-03.47.42:807][  0]LogTemp:Display: Loaded TP Android_DXTTargetPlatform
[2017.03.29-03.47.42:842][  0]LogTemp:Display: Loaded TP Android_ETC1TargetPlatform
[2017.03.29-03.47.42:882][  0]LogTemp:Display: Loaded TP Android_ETC2TargetPlatform
[2017.03.29-03.47.42:957][  0]LogTemp:Display: Loaded TP Android_MultiTargetPlatform
[2017.03.29-03.47.42:957][  0]LogTemp:Display: Loaded TP Android_PVRTCTargetPlatform
[2017.03.29-03.47.42:984][  0]LogTemp:Display: Loaded TP HTML5TargetPlatform
[2017.03.29-03.47.43:053][  0]LogTemp:Display: Loaded TP IOSTargetPlatform
[2017.03.29-03.47.43:075][  0]LogTemp:Display: Loaded TP TVOSTargetPlatform
[2017.03.29-03.47.43:110][  0]LogTemp:Display: Loaded TP LinuxClientTargetPlatform
[2017.03.29-03.47.43:144][  0]LogTemp:Display: Loaded TP LinuxNoEditorTargetPlatform
[2017.03.29-03.47.43:179][  0]LogTemp:Display: Loaded TP LinuxServerTargetPlatform
[2017.03.29-03.47.43:214][  0]LogTemp:Display: Loaded TP LinuxTargetPlatform
[2017.03.29-03.47.43:214][  0]LogTargetPlatformManager:Display: Building Assets For Windows
[2017.03.29-03.47.43:473][  0]LogDerivedDataCache:Display: Max Cache Size: 512 MB
[2017.03.29-03.47.43:513][  0]LogDerivedDataCache: Loaded boot cache 0.04s 50MB C:/Users/bmeck/AppData/Local/UnrealEngine/4.15/DerivedDataCache/Boot.ddc.
[2017.03.29-03.47.43:513][  0]LogDerivedDataCache:Display: Loaded Boot cache: C:/Users/bmeck/AppData/Local/UnrealEngine/4.15/DerivedDataCache/Boot.ddc
[2017.03.29-03.47.43:513][  0]LogDerivedDataCache: FDerivedDataBackendGraph:  Pak pak cache file D:/Projects/Unreal/LimbGit/LimbGet/DerivedDataCache/DDC.ddp not found, will not use a pak cache.
[2017.03.29-03.47.43:513][  0]LogDerivedDataCache: Unable to find inner node Pak for hierarchical cache Hierarchy.
[2017.03.29-03.47.43:513][  0]LogDerivedDataCache: FDerivedDataBackendGraph:  CompressedPak pak cache file D:/Projects/Unreal/LimbGit/LimbGet/DerivedDataCache/Compressed.ddp not found, will not use a pak cache.
[2017.03.29-03.47.43:513][  0]LogDerivedDataCache: Unable to find inner node CompressedPak for hierarchical cache Hierarchy.
[2017.03.29-03.47.43:526][  0]LogDerivedDataCache:Display: Pak cache opened for reading ../../../Engine/DerivedDataCache/Compressed.ddp.
[2017.03.29-03.47.43:538][  0]LogDerivedDataCache: Using Local data cache path C:/Users/bmeck/AppData/Local/UnrealEngine/Common/DerivedDataCache: Writable
[2017.03.29-03.47.43:545][  0]LogSlate: Using Freetype 2.6.0
[2017.03.29-03.47.43:545][  0]LogSlate: SlateFontCache - WITH_FREETYPE: 1, WITH_HARFBUZZ: 1
[2017.03.29-03.47.43:545][  0]LogSlate: SlateFontCache - WITH_FREETYPE: 1, WITH_HARFBUZZ: 1
[2017.03.29-03.47.43:752][  0]LogInit: Selected Device Profile: [Windows]
[2017.03.29-03.47.43:754][  0]LogContentStreaming: Texture pool size is 0.00 MB
[2017.03.29-03.47.43:900][  0]LogMeshUtilities: Using QuadricMeshReduction for automatic static mesh reduction
[2017.03.29-03.47.43:930][  0]LogSimplygon: Simplygon DLL not present - disabling.
[2017.03.29-03.47.43:962][  0]LogMeshUtilities: Using SimplygonSwarm for distributed automatic mesh merging
[2017.03.29-03.47.43:962][  0]LogMeshUtilities: No automatic skeletal mesh reduction module available
[2017.03.29-03.47.43:962][  0]LogMeshUtilities: No automatic mesh merging module available
[2017.03.29-03.47.44:329][  0]LogNetVersion: GetLocalNetworkVersion: CL: 3299760, ProjectName: limbget, ProjectVersion: , EngineNetworkVersion: 2, GameNetworkVersion: 0, NetworkChecksum: 4217174916
[2017.03.29-03.47.44:364][  0]LogAssetRegistry: FAssetRegistry took 0.0210 seconds to start up
[2017.03.29-03.47.44:390][  0]LogPackageLocalizationCache: Processed 3 localized package path(s) for 2 prioritized culture(s) in 0.014092 seconds
[2017.03.29-03.47.44:393][  0]LogUObjectArray: 32493 objects as part of root set at end of initial load.
[2017.03.29-03.47.44:393][  0]LogUObjectAllocator: 7077032 out of 0 bytes used by permanent object pool.
[2017.03.29-03.47.44:393][  0]LogUObjectArray: CloseDisregardForGC: 0/0 objects in disregard for GC pool
[2017.03.29-03.47.44:427][  0]LogInit: WinSock: version 1.1 (2.2), MaxSocks=32767, MaxUdp=65467
[2017.03.29-03.47.45:593][  0]LogTcpMessaging: Initializing TcpMessaging bridge
[2017.03.29-03.47.45:622][  0]LogUdpMessaging: Initializing bridge on interface 0.0.0.0:0 to multicast group 230.0.0.1:6666.
[2017.03.29-03.47.45:959][  0]LogMaterial: Uniform references updated for custom material expression Custom.
[2017.03.29-03.47.46:205][  0]SourceControl: Info Source control is disabled
[2017.03.29-03.47.46:206][  0]SourceControl: Info Source control is disabled
[2017.03.29-03.47.46:236][  0]SourceControl: Info Source control is disabled
[2017.03.29-03.47.46:266][  0]SourceControl: Info Source control is disabled
[2017.03.29-03.47.47:071][  0]LogEngine: Initializing Engine...
[2017.03.29-03.47.47:071][  0]LogHMD: Failed to initialize OpenVR with code 110
[2017.03.29-03.47.47:225][  0]LogAIModule: Creating AISystem for world Untitled
[2017.03.29-03.47.47:232][  0]LogInit: XAudio2 using 'Headset Earphone (Razer ManO'War)' : 2 channels at 44.1 kHz using 16 bits per sample (channel mask 0x3)
[2017.03.29-03.47.47:255][  0]LogInit: FAudioDevice initialized.
[2017.03.29-03.47.47:277][  0]LogDerivedDataCache: Saved boot cache 0.02s 50MB C:/Users/bmeck/AppData/Local/UnrealEngine/4.15/DerivedDataCache/Boot.ddc.
[2017.03.29-03.47.47:282][  0]LogInit: Texture streaming: Enabled
[2017.03.29-03.47.47:333][  0]LogEngineSessionManager: EngineSessionManager initialized
[2017.03.29-03.47.47:387][  0]LogInit: Transaction tracking system initialized
[2017.03.29-03.47.47:601][  0]BlueprintLog: New page: Editor Load
[2017.03.29-03.47.48:136][  0]LocalizationService: Info Localization service is disabled
[2017.03.29-03.47.48:548][  0]LogConsoleResponse:Display: 
[2017.03.29-03.47.48:632][  0]LogCook:Display: Max memory allowance for cook 16384mb min free memory 0mb
[2017.03.29-03.47.48:632][  0]LogCook:Display: Mobile HDR setting 1
[2017.03.29-03.47.49:291][  0]LogFileCache: Scanning file cache for directory 'D:/Projects/Unreal/LimbGit/LimbGet/Content/' took 0.01s
[2017.03.29-03.47.49:291][  0]SourceControl: Info Source control is disabled
[2017.03.29-03.47.49:291][  0]Cmd: MAP LOAD FILE="D:/Projects/Unreal/LimbGit/LimbGet/Content/ThirdPersonBP/Maps/ThirdPersonExampleMap.umap" TEMPLATE=0 SHOWPROGRESS=1 FEATURELEVEL=3
[2017.03.29-03.47.49:291][  0]LightingResults: New page: Lighting Build
[2017.03.29-03.47.49:316][  0]MapCheck: New page: Map Check
[2017.03.29-03.47.49:316][  0]LightingResults: New page: Lighting Build
[2017.03.29-03.47.51:268][  0]LogAIModule: Creating AISystem for world ThirdPersonExampleMap
[2017.03.29-03.47.51:535][  0]LogEditorServer: Finished looking for orphan Actors (0.000 secs)
[2017.03.29-03.47.51:536][  0]Cmd: MAP CHECKDEP NOCLEARLOG
[2017.03.29-03.47.51:606][  0]MapCheck: Info Map check complete: 0 Error(s), 0 Warning(s), took 70.133ms to complete.
[2017.03.29-03.47.51:606][  0]LogFileHelpers: Loading map 'ThirdPersonExampleMap' took 2.315
[2017.03.29-03.47.51:690][  0]LogWindowsTextInputMethodSystem:Display: IME system now deactivated.
[2017.03.29-03.47.51:989][  0]LogCollectionManager: Loaded 0 collections in 0.001246 seconds
[2017.03.29-03.47.52:070][  0]LogFileCache: Scanning file cache for directory 'D:/Projects/Unreal/LimbGit/LimbGet/Saved/Collections/' took 0.01s
[2017.03.29-03.47.52:070][  0]LogFileCache: Scanning file cache for directory 'D:/Projects/Unreal/LimbGit/LimbGet/Content/Developers/bmeck/Collections/' took 0.01s
[2017.03.29-03.47.52:070][  0]LogFileCache: Scanning file cache for directory 'D:/Projects/Unreal/LimbGit/LimbGet/Content/Collections/' took 0.01s
[2017.03.29-03.47.52:070][  0]LogCollectionManager: Rebuilt the GUID cache for 0 collections in 0.000001 seconds
[2017.03.29-03.47.52:077][  0]LogContentBrowser: Native class hierarchy populated in 0.0065 seconds. Added 2245 classes and 453 folders.
[2017.03.29-03.47.52:080][  0]LogStats: UGameplayTagsManager::ConstructGameplayTagTree: Construct from data asset -  0.000 s
[2017.03.29-03.47.52:080][  0]LogStats: UGameplayTagsManager::ConstructGameplayTagTree: GameplayTagTreeChangedEvent.Broadcast -  0.000 s
[2017.03.29-03.47.52:121][  0]LogContentBrowser: Native class hierarchy updated for 'WidgetCarousel' in 0.0004 seconds. Added 0 classes and 0 folders.
[2017.03.29-03.47.54:123][  0]LogContentBrowser: Native class hierarchy updated for 'AddContentDialog' in 0.0004 seconds. Added 0 classes and 0 folders.
[2017.03.29-03.47.54:275][  0]LogContentBrowser: Native class hierarchy updated for 'SceneOutliner' in 0.0003 seconds. Added 1 classes and 2 folders.
[2017.03.29-03.47.54:306][  0]LogCrashTracker: Crashtracker disabled due to settings.
[2017.03.29-03.47.54:311][  0]LogUObjectGlobals:Warning: Failed to find object 'Class None.'
[2017.03.29-03.47.54:360][  0]LogContentBrowser: Native class hierarchy updated for 'HierarchicalLODOutliner' in 0.0004 seconds. Added 1 classes and 2 folders.
[2017.03.29-03.47.54:360][  0]LogLoad: (Engine Initialization) Total time: 15.88 seconds
[2017.03.29-03.47.54:360][  0]LogLoad: (Engine Initialization) Total Blueprint compile time: 0.31 seconds
[2017.03.29-03.47.54:360][  0]LogExternalProfiler: No external profilers were discovered.  External profiling features will not be available.
[2017.03.29-03.47.54:369][  0]LogOcInput: OculusInput pre-init called
[2017.03.29-03.47.54:384][  0]LogContentStreaming: Texture pool size now 1000 MB
[2017.03.29-03.47.54:385][  0]LogSlate: Took 0.000240 seconds to synchronously load lazily loaded font '../../../Engine/Content/Slate/Fonts/Roboto-Regular.ttf' (155K)
[2017.03.29-03.47.54:388][  0]LogSlate: Took 0.000274 seconds to synchronously load lazily loaded font '../../../Engine/Content/Slate/Fonts/Roboto-Bold.ttf' (160K)
[2017.03.29-03.47.54:415][  0]LogSlate: Took 0.023914 seconds to synchronously load lazily loaded font '../../../Engine/Content/Editor/Slate/Fonts/FontAwesome.ttf' (139K)
[2017.03.29-03.47.54:639][  0]LogRenderer: Reallocating scene render targets to support 1616x804 NumSamples 1 (Frame:2).
[2017.03.29-03.47.56:376][187]LogAssetRegistry: Asset discovery search completed in 12.0330 seconds
[2017.03.29-03.47.56:376][187]LogCollectionManager: Rebuilt the object cache for 0 collections in 0.000004 seconds (found 0 objects)
[2017.03.29-03.47.56:376][187]LogCollectionManager: Fixed up redirectors for 0 collections in 0.000015 seconds (updated 0 objects)
[2017.03.29-03.48.14:294][199]LogSlate: Took 0.000169 seconds to synchronously load lazily loaded font '../../../Engine/Content/Slate/Fonts/Roboto-Light.ttf' (159K)
[2017.03.29-03.48.14:313][199]LogAIModule: Creating AISystem for world MeghanTest
[2017.03.29-03.48.14:356][199]Cmd: MAP LOAD FILE="D:/Projects/Unreal/LimbGit/LimbGet/Content/MeghanTest.umap" TEMPLATE=0 SHOWPROGRESS=1 FEATURELEVEL=3
[2017.03.29-03.48.14:356][199]LightingResults: New page: Lighting Build
[2017.03.29-03.48.14:357][199]LoadErrors: New page: Loading map: MeghanTest.umap
[2017.03.29-03.48.14:375][199]MapCheck: New page: Map Check
[2017.03.29-03.48.14:375][199]LightingResults: New page: Lighting Build
[2017.03.29-03.48.14:382][199]LogEditorServer: Finished looking for orphan Actors (0.000 secs)
[2017.03.29-03.48.14:390][199]Cmd: MAP CHECKDEP NOCLEARLOG
[2017.03.29-03.48.14:436][199]MapCheck: Info Map check complete: 0 Error(s), 0 Warning(s), took 45.876ms to complete.
[2017.03.29-03.48.14:436][199]LogFileHelpers: Loading map 'MeghanTest' took 0.091
[2017.03.29-03.48.20:318][874]LogActorFactory: Actor Factory created Cube
[2017.03.29-03.48.23:600][262]LogActorFactory: Actor Factory created Cube
[2017.03.29-03.48.24:864][396]LogActorFactory: Actor Factory created Cube
[2017.03.29-03.48.27:195][674]LogActorFactory: Actor Factory created Cube
[2017.03.29-03.48.47:934][152]LogActorFactory: Actor Factory created Sphere
[2017.03.29-03.48.49:934][389]LogActorFactory: Actor Factory created Cylinder
[2017.03.29-03.48.52:629][709]LogActorFactory: Actor Factory created Cube
[2017.03.29-03.48.55:387][ 38]LogActorFactory: Actor Factory created Cube
[2017.03.29-03.48.56:373][145]LogActorFactory: Actor Factory created Cube
[2017.03.29-03.48.57:468][272]LogActorFactory: Actor Factory created Cube
[2017.03.29-03.48.58:259][359]LogActorFactory: Actor Factory created Cube
[2017.03.29-03.49.05:267][198]LogActorFactory: Actor Factory created Cube
[2017.03.29-03.49.06:973][392]LogActorFactory: Actor Factory created Cube
[2017.03.29-03.49.08:779][607]LogActorFactory: Actor Factory created Cube
[2017.03.29-03.49.10:032][749]LogActorFactory: Actor Factory created Cube
[2017.03.29-03.49.11:490][922]LogActorFactory: Actor Factory created Cube
[2017.03.29-03.49.12:683][ 35]LogEditorViewport: Clicking on Actor (LMB): StaticMeshActor (Cube3)
[2017.03.29-03.49.14:221][208]LogEditorViewport: Clicking on Actor (LMB): StaticMeshActor (Cube4)
[2017.03.29-03.49.15:803][391]LogEditorViewport: Clicking on Actor (LMB): StaticMeshActor (Cube7)
[2017.03.29-03.49.17:007][529]LogEditorViewport: Clicking on Actor (LMB): BP_Sky_Sphere_C (Sky Sphere)
[2017.03.29-03.49.18:868][743]LogEditorViewport: Clicking on Actor (LMB): StaticMeshActor (Cube4)
[2017.03.29-03.49.20:642][945]LogEditorViewport: Clicking on Actor (LMB): BP_Sky_Sphere_C (Sky Sphere)
[2017.03.29-03.49.21:329][ 22]LogEditorViewport: Clicking on Actor (LMB): StaticMeshActor (Cube6)
[2017.03.29-03.49.22:644][171]LogEditorViewport: Clicking on Actor (LMB): BP_Sky_Sphere_C (Sky Sphere)
[2017.03.29-03.49.23:441][261]LogEditorViewport: Clicking on Actor (LMB): BP_Sky_Sphere_C (Sky Sphere)
[2017.03.29-03.49.24:308][363]LogEditorViewport: Clicking on Actor (LMB): StaticMeshActor (Cube5)
[2017.03.29-03.49.27:223][704]LogEditorViewport: Clicking on Actor (LMB): BP_Sky_Sphere_C (Sky Sphere)
[2017.03.29-03.49.27:892][778]LogEditorViewport: Clicking on Actor (LMB): BP_Sky_Sphere_C (Sky Sphere)
[2017.03.29-03.49.29:092][915]Cmd: OBJ SAVEPACKAGE PACKAGE="/Game/MeghanTest" FILE="D:/Projects/Unreal/LimbGit/LimbGet/Content/MeghanTest.umap" SILENT=true AUTOSAVING=false KEEPDIRTY=false
[2017.03.29-03.49.29:144][915]LogSavePackage: Save=42.07ms
[2017.03.29-03.49.29:144][915]LogSavePackage: Moving 'D:/Projects/Unreal/LimbGit/LimbGet/Saved/MeghanTest882D0A634773BB3BC90B88A707C1FD82.tmp' to 'D:/Projects/Unreal/LimbGit/LimbGet/Content/MeghanTest.umap'
[2017.03.29-03.49.29:145][915]LogSavePackage:Display: Finished SavePackage D:/Projects/Unreal/LimbGit/LimbGet/Content/MeghanTest.umap
[2017.03.29-03.51.53:146][481]LogWindowsTextInputMethodSystem:Display: IME system now deactivated.
[2017.03.29-03.51.53:320][482]Cmd: QUIT_EDITOR
[2017.03.29-03.51.53:358][482]LogExit: Preparing to exit.
[2017.03.29-03.51.53:845][482]LogExit: Editor shut down
[2017.03.29-03.51.53:846][482]LogExit: Transaction tracking system shut down
[2017.03.29-03.51.53:906][482]LogObj: Freed 0b from 0 cluster array pools.
[2017.03.29-03.51.53:906][482]LogExit: Object subsystem successfully closed.
[2017.03.29-03.51.53:920][482]LogD3D11RHI: Shutdown
[2017.03.29-03.51.53:920][482]LogD3D11RHI: CleanupD3DDevice
[2017.03.29-03.51.53:996][482]LogD3D11RHI: ~FD3D11DynamicRHI
[2017.03.29-03.51.54:001][482]LogModuleManager: Shutting down and abandoning module HierarchicalLODOutliner (498)
[2017.03.29-03.51.54:001][482]LogModuleManager: Shutting down and abandoning module CrashTracker (496)
[2017.03.29-03.51.54:001][482]LogModuleManager: Shutting down and abandoning module SceneOutliner (494)
[2017.03.29-03.51.54:001][482]LogModuleManager: Shutting down and abandoning module AddContentDialog (492)
[2017.03.29-03.51.54:001][482]LogDirectoryWatcher: A directory notification for 'G:/Program Files (x86)/Epic Games/UE_4.15/FeaturePacks/' was aborted.
[2017.03.29-03.51.54:002][482]LogModuleManager: Shutting down and abandoning module WidgetCarousel (491)
[2017.03.29-03.51.54:002][482]LogModuleManager: Shutting down and abandoning module EditorWidgets (488)
[2017.03.29-03.51.54:002][482]LogModuleManager: Shutting down and abandoning module CollectionManager (486)
[2017.03.29-03.51.54:002][482]LogDirectoryWatcher: A directory notification for 'D:/Projects/Unreal/LimbGit/LimbGet/Content/Collections/' was aborted.
[2017.03.29-03.51.54:002][482]LogDirectoryWatcher: A directory notification for 'D:/Projects/Unreal/LimbGit/LimbGet/Content/Developers/bmeck/Collections/' was aborted.
[2017.03.29-03.51.54:002][482]LogDirectoryWatcher: A directory notification for 'D:/Projects/Unreal/LimbGit/LimbGet/Saved/Collections/' was aborted.
[2017.03.29-03.51.54:002][482]LogModuleManager: Shutting down and abandoning module StatsViewer (484)
[2017.03.29-03.51.54:002][482]LogModuleManager: Shutting down and abandoning module FoliageEdit (482)
[2017.03.29-03.51.54:002][482]LogModuleManager: Shutting down and abandoning module LandscapeEditor (480)
[2017.03.29-03.51.54:002][482]LogModuleManager: Shutting down and abandoning module SceneDepthPickerMode (478)
[2017.03.29-03.51.54:002][482]LogModuleManager: Shutting down and abandoning module ActorPickerMode (476)
[2017.03.29-03.51.54:002][482]LogModuleManager: Shutting down and abandoning module GeometryMode (474)
[2017.03.29-03.51.54:002][482]LogModuleManager: Shutting down and abandoning module TextureAlignMode (472)
[2017.03.29-03.51.54:002][482]LogModuleManager: Shutting down and abandoning module BspMode (470)
[2017.03.29-03.51.54:002][482]LogModuleManager: Shutting down and abandoning module HardwareSurvey (468)
[2017.03.29-03.51.54:002][482]LogModuleManager: Shutting down and abandoning module SequenceRecorderSections (466)
[2017.03.29-03.51.54:002][482]LogModuleManager: Shutting down and abandoning module AutomationWorker (464)
[2017.03.29-03.51.54:002][482]LogModuleManager: Shutting down and abandoning module MatineeToLevelSequence (462)
[2017.03.29-03.51.54:002][482]LogModuleManager: Shutting down and abandoning module LevelSequenceEditor (460)
[2017.03.29-03.51.54:002][482]LogModuleManager: Shutting down and abandoning module PlacementMode (459)
[2017.03.29-03.51.54:002][482]LogModuleManager: Shutting down and abandoning module WmfMediaFactory (456)
[2017.03.29-03.51.54:002][482]LogModuleManager: Shutting down and abandoning module WmfMediaEditor (454)
[2017.03.29-03.51.54:002][482]LogModuleManager: Shutting down and abandoning module MfMediaFactory (452)
[2017.03.29-03.51.54:002][482]LogModuleManager: Shutting down and abandoning module MfMediaEditor (450)
[2017.03.29-03.51.54:002][482]LogModuleManager: Shutting down and abandoning module AvfMediaFactory (448)
[2017.03.29-03.51.54:002][482]LogModuleManager: Shutting down and abandoning module AvfMediaEditor (446)
[2017.03.29-03.51.54:002][482]LogModuleManager: Shutting down and abandoning module AndroidMediaFactory (444)
[2017.03.29-03.51.54:002][482]LogModuleManager: Shutting down and abandoning module Media (443)
[2017.03.29-03.51.54:002][482]LogModuleManager: Shutting down and abandoning module AndroidMediaEditor (440)
[2017.03.29-03.51.54:002][482]LogModuleManager: Shutting down and abandoning module CharacterAI (438)
[2017.03.29-03.51.54:002][482]LogModuleManager: Shutting down and abandoning module AudioCapture (436)
[2017.03.29-03.51.54:002][482]LogModuleManager: Shutting down and abandoning module SequenceRecorder (435)
[2017.03.29-03.51.54:002][482]LogModuleManager: Shutting down and abandoning module SmartSnapping (432)
[2017.03.29-03.51.54:002][482]LogModuleManager: Shutting down and abandoning module SessionServices (430)
[2017.03.29-03.51.54:002][482]LogModuleManager: Shutting down and abandoning module ViewportSnapping (428)
[2017.03.29-03.51.54:002][482]LogModuleManager: Shutting down and abandoning module ViewportInteraction (426)
[2017.03.29-03.51.54:002][482]LogModuleManager: Shutting down and abandoning module LogVisualizer (424)
[2017.03.29-03.51.54:003][482]LogModuleManager: Shutting down and abandoning module IntroTutorials (422)
[2017.03.29-03.51.54:003][482]LogModuleManager: Shutting down and abandoning module GameProjectGeneration (421)
[2017.03.29-03.51.54:003][482]LogModuleManager: Shutting down and abandoning module EditorLiveStreaming (418)
[2017.03.29-03.51.54:003][482]LogModuleManager: Shutting down and abandoning module IOSPlatformEditor (416)
[2017.03.29-03.51.54:003][482]LogModuleManager: Shutting down and abandoning module HTML5PlatformEditor (414)
[2017.03.29-03.51.54:003][482]LogModuleManager: Shutting down and abandoning module AndroidPlatformEditor (412)
[2017.03.29-03.51.54:003][482]LogModuleManager: Shutting down and abandoning module AndroidDeviceDetection (411)
[2017.03.29-03.51.54:404][482]LogModuleManager: Shutting down and abandoning module IOSRuntimeSettings (408)
[2017.03.29-03.51.54:404][482]LogModuleManager: Shutting down and abandoning module AndroidRuntimeSettings (406)
[2017.03.29-03.51.54:404][482]LogModuleManager: Shutting down and abandoning module InputBindingEditor (404)
[2017.03.29-03.51.54:404][482]LogModuleManager: Shutting down and abandoning module NiagaraEditor (402)
[2017.03.29-03.51.54:404][482]LogModuleManager: Shutting down and abandoning module MergeActors (400)
[2017.03.29-03.51.54:404][482]LogModuleManager: Shutting down and abandoning module SizeMap (398)
[2017.03.29-03.51.54:404][482]LogModuleManager: Shutting down and abandoning module TreeMap (396)
[2017.03.29-03.51.54:404][482]LogModuleManager: Shutting down and abandoning module ReferenceViewer (394)
[2017.03.29-03.51.54:404][482]LogModuleManager: Shutting down and abandoning module LocalizationDashboard (392)
[2017.03.29-03.51.54:404][482]LogModuleManager: Shutting down and abandoning module LocalizationService (391)
[2017.03.29-03.51.54:404][482]LogModuleManager: Shutting down and abandoning module HardwareTargeting (388)
[2017.03.29-03.51.54:405][482]LogModuleManager: Shutting down and abandoning module DeviceProfileEditor (386)
[2017.03.29-03.51.54:405][482]LogModuleManager: Shutting down and abandoning module UndoHistory (384)
[2017.03.29-03.51.54:405][482]LogModuleManager: Shutting down and abandoning module UserFeedback (382)
[2017.03.29-03.51.54:405][482]LogModuleManager: Shutting down and abandoning module XmlParser (380)
[2017.03.29-03.51.54:405][482]LogModuleManager: Shutting down and abandoning module Blutility (378)
[2017.03.29-03.51.54:405][482]LogModuleManager: Shutting down and abandoning module ProjectSettingsViewer (376)
[2017.03.29-03.51.54:405][482]LogModuleManager: Shutting down and abandoning module ProjectTargetPlatformEditor (375)
[2017.03.29-03.51.54:406][482]LogModuleManager: Shutting down and abandoning module EditorSettingsViewer (372)
[2017.03.29-03.51.54:406][482]LogModuleManager: Shutting down and abandoning module SettingsEditor (370)
[2017.03.29-03.51.54:406][482]LogModuleManager: Shutting down and abandoning module ProjectLauncher (368)
[2017.03.29-03.51.54:406][482]LogModuleManager: Shutting down and abandoning module SessionFrontend (366)
[2017.03.29-03.51.54:406][482]LogModuleManager: Shutting down and abandoning module ProfilerClient (364)
[2017.03.29-03.51.54:406][482]LogModuleManager: Shutting down and abandoning module DeviceManager (362)
[2017.03.29-03.51.54:406][482]LogModuleManager: Shutting down and abandoning module TargetDeviceServices (361)
[2017.03.29-03.51.54:448][482]LogModuleManager: Shutting down and abandoning module AutomationController (358)
[2017.03.29-03.51.54:448][482]LogModuleManager: Shutting down and abandoning module AutomationWindow (356)
[2017.03.29-03.51.54:448][482]LogModuleManager: Shutting down and abandoning module Layers (354)
[2017.03.29-03.51.54:448][482]LogModuleManager: Shutting down and abandoning module ComponentVisualizers (352)
[2017.03.29-03.51.54:448][482]LogModuleManager: Shutting down and abandoning module DetailCustomizations (350)
[2017.03.29-03.51.54:449][482]LogModuleManager: Shutting down and abandoning module PackagesDialog (348)
[2017.03.29-03.51.54:449][482]LogModuleManager: Shutting down and abandoning module Persona (346)
[2017.03.29-03.51.54:449][482]LogModuleManager: Shutting down and abandoning module AnimGraph (345)
[2017.03.29-03.51.54:449][482]LogModuleManager: Shutting down and abandoning module Kismet (342)
[2017.03.29-03.51.54:450][482]LogModuleManager: Shutting down and abandoning module GraphEditor (340)
[2017.03.29-03.51.54:451][482]LogModuleManager: Shutting down and abandoning module ClassViewer (338)
[2017.03.29-03.51.54:451][482]LogModuleManager: Shutting down and abandoning module Toolbox (336)
[2017.03.29-03.51.54:451][482]LogModuleManager: Shutting down and abandoning module ModuleUI (334)
[2017.03.29-03.51.54:451][482]LogModuleManager: Shutting down and abandoning module MovieSceneTools (332)
[2017.03.29-03.51.54:451][482]LogModuleManager: Shutting down and abandoning module OutputLog (330)
[2017.03.29-03.51.54:451][482]LogModuleManager: Shutting down and abandoning module GammaUI (328)
[2017.03.29-03.51.54:451][482]LogModuleManager: Shutting down and abandoning module Documentation (326)
[2017.03.29-03.51.54:451][482]LogModuleManager: Shutting down and abandoning module Niagara (324)
[2017.03.29-03.51.54:451][482]LogModuleManager: Shutting down and abandoning module StreamingPauseRendering (322)
[2017.03.29-03.51.54:451][482]LogModuleManager: Shutting down and abandoning module AnalyticsET (320)
[2017.03.29-03.51.54:451][482]LogModuleManager: Shutting down and abandoning module PortalServices (318)
[2017.03.29-03.51.54:451][482]LogModuleManager: Shutting down and abandoning module PortalRpc (316)
[2017.03.29-03.51.54:451][482]LogModuleManager: Shutting down and abandoning module MessagingRpc (314)
[2017.03.29-03.51.54:451][482]LogModuleManager: Shutting down and abandoning module AIModule (312)
[2017.03.29-03.51.54:451][482]LogModuleManager: Shutting down and abandoning module GameplayDebugger (311)
[2017.03.29-03.51.54:451][482]LogModuleManager: Shutting down and abandoning module AITestSuite (309)
[2017.03.29-03.51.54:451][482]LogModuleManager: Shutting down and abandoning module ProfilerService (306)
[2017.03.29-03.51.54:458][482]LogModuleManager: Shutting down and abandoning module TaskGraph (304)
[2017.03.29-03.51.54:458][482]LogModuleManager: Shutting down and abandoning module SteamVRController (302)
[2017.03.29-03.51.54:458][482]LogModuleManager: Shutting down and abandoning module SteamVR (300)
[2017.03.29-03.51.54:458][482]LogModuleManager: Shutting down and abandoning module ProceduralMeshComponentEditor (298)
[2017.03.29-03.51.54:458][482]LogModuleManager: Shutting down and abandoning module ProceduralMeshComponent (296)
[2017.03.29-03.51.54:459][482]LogModuleManager: Shutting down and abandoning module OculusLibrary (294)
[2017.03.29-03.51.54:459][482]LogModuleManager: Shutting down and abandoning module OculusInput (292)
[2017.03.29-03.51.54:459][482]LogModuleManager: Shutting down and abandoning module MobilePatchingUtils (290)
[2017.03.29-03.51.54:459][482]LogModuleManager: Shutting down and abandoning module CustomMeshComponent (288)
[2017.03.29-03.51.54:459][482]LogModuleManager: Shutting down and abandoning module CableComponent (286)
[2017.03.29-03.51.54:459][482]LogModuleManager: Shutting down and abandoning module ArchVisCharacter (284)
[2017.03.29-03.51.54:459][482]LogModuleManager: Shutting down and abandoning module MediaPlayerEditor (280)
[2017.03.29-03.51.54:459][482]LogModuleManager: Shutting down and abandoning module HTML5Networking (278)
[2017.03.29-03.51.54:459][482]LogModuleManager: Shutting down and abandoning module AlembicImporter (276)
[2017.03.29-03.51.54:459][482]LogModuleManager: Shutting down and abandoning module AlembicLibrary (275)
[2017.03.29-03.51.54:459][482]LogModuleManager: Shutting down and abandoning module GeometryCache (274)
[2017.03.29-03.51.54:459][482]LogModuleManager: Shutting down and abandoning module GeometryCacheEd (273)
[2017.03.29-03.51.54:459][482]LogModuleManager: Shutting down and abandoning module SuperSearchEditor (268)
[2017.03.29-03.51.54:459][482]LogModuleManager: Shutting down and abandoning module SuperSearch (267)
[2017.03.29-03.51.54:459][482]LogModuleManager: Shutting down and abandoning module SpeedTreeImporter (264)
[2017.03.29-03.51.54:459][482]LogModuleManager: Shutting down and abandoning module PluginBrowser (262)
[2017.03.29-03.51.54:459][482]LogModuleManager: Shutting down and abandoning module MobileLauncherProfileWizard (260)
[2017.03.29-03.51.54:459][482]LogModuleManager: Shutting down and abandoning module EpicSurvey (258)
[2017.03.29-03.51.54:459][482]LogModuleManager: Shutting down and abandoning module VisualStudioSourceCodeAccess (256)
[2017.03.29-03.51.54:459][482]LogModuleManager: Shutting down and abandoning module DesktopPlatform (255)
[2017.03.29-03.51.54:459][482]LogModuleManager: Shutting down and abandoning module UObjectPlugin (252)
[2017.03.29-03.51.54:460][482]LogModuleManager: Shutting down and abandoning module SubversionSourceControl (250)
[2017.03.29-03.51.54:460][482]LogModuleManager: Shutting down and abandoning module PerforceSourceControl (248)
[2017.03.29-03.51.54:460][482]LogModuleManager: Shutting down and abandoning module GitSourceControl (246)
[2017.03.29-03.51.54:460][482]LogModuleManager: Shutting down and abandoning module SourceControl (245)
[2017.03.29-03.51.54:460][482]LogModuleManager: Shutting down and abandoning module LightPropagationVolumeEditor (242)
[2017.03.29-03.51.54:460][482]LogModuleManager: Shutting down and abandoning module PaperTiledImporter (240)
[2017.03.29-03.51.54:460][482]LogModuleManager: Shutting down and abandoning module PaperSpriteSheetImporter (238)
[2017.03.29-03.51.54:460][482]LogModuleManager: Shutting down and abandoning module Paper2DEditor (236)
[2017.03.29-03.51.54:460][482]LogModuleManager: Shutting down and abandoning module MeshPaint (235)
[2017.03.29-03.51.54:460][482]LogModuleManager: Shutting down and abandoning module LevelEditor (233)
[2017.03.29-03.51.54:462][482]LogModuleManager: Shutting down and abandoning module PixelInspectorModule (232)
[2017.03.29-03.51.54:462][482]LogModuleManager: Shutting down and abandoning module MainFrame (230)
[2017.03.29-03.51.54:462][482]LogModuleManager: Shutting down and abandoning module HotReload (229)
[2017.03.29-03.51.54:464][482]LogModuleManager: Shutting down and abandoning module ContentBrowser (225)
[2017.03.29-03.51.54:466][482]LogModuleManager: Shutting down and abandoning module PhysXVehiclesEditor (222)
[2017.03.29-03.51.54:466][482]LogModuleManager: Shutting down and abandoning module PhysXVehicles (220)
[2017.03.29-03.51.54:466][482]LogModuleManager: Shutting down and abandoning module LocationServicesBPLibrary (218)
[2017.03.29-03.51.54:466][482]LogModuleManager: Shutting down and abandoning module UdpMessaging (216)
[2017.03.29-03.51.54:567][482]LogModuleManager: Shutting down and abandoning module TcpMessaging (214)
[2017.03.29-03.51.54:667][482]LogModuleManager: Shutting down and abandoning module GameplayTagsEditor (212)
[2017.03.29-03.51.54:667][482]LogModuleManager: Shutting down and abandoning module FacialAnimationEditor (210)
[2017.03.29-03.51.54:667][482]LogModuleManager: Shutting down and abandoning module FacialAnimation (208)
[2017.03.29-03.51.54:667][482]LogModuleManager: Shutting down and abandoning module LightPropagationVolumeRuntime (206)
[2017.03.29-03.51.54:667][482]LogModuleManager: Shutting down and abandoning module Paper2D (204)
[2017.03.29-03.51.54:667][482]LogModuleManager: Shutting down and abandoning module WindowsMoviePlayer (202)
[2017.03.29-03.51.54:667][482]LogModuleManager: Shutting down and abandoning module WmfMedia (200)
[2017.03.29-03.51.54:667][482]LogModuleManager: Shutting down and abandoning module MfMedia (198)
[2017.03.29-03.51.54:667][482]LogModuleManager: Shutting down and abandoning module MediaAssets (196)
[2017.03.29-03.51.54:667][482]LogModuleManager: Shutting down and abandoning module GameLiveStreaming (194)
[2017.03.29-03.51.54:668][482]LogModuleManager: Shutting down and abandoning module VREditor (192)
[2017.03.29-03.51.54:668][482]LogModuleManager: Shutting down and abandoning module GameplayTasksEditor (190)
[2017.03.29-03.51.54:668][482]LogModuleManager: Shutting down and abandoning module BehaviorTreeEditor (188)
[2017.03.29-03.51.54:668][482]LogModuleManager: Shutting down and abandoning module FunctionalTesting (186)
[2017.03.29-03.51.54:668][482]LogModuleManager: Shutting down and abandoning module CollisionAnalyzer (184)
[2017.03.29-03.51.54:668][482]LogModuleManager: Shutting down and abandoning module UMG (182)
[2017.03.29-03.51.54:668][482]LogModuleManager: Shutting down and abandoning module UMGEditor (181)
[2017.03.29-03.51.54:668][482]LogModuleManager: Shutting down and abandoning module Sequencer (180)
[2017.03.29-03.51.54:668][482]LogModuleManager: Shutting down and abandoning module AssetTools (178)
[2017.03.29-03.51.54:669][482]LogModuleManager: Shutting down and abandoning module MessageLog (177)
[2017.03.29-03.51.54:669][482]LogModuleManager: Shutting down and abandoning module WorkspaceMenuStructure (176)
[2017.03.29-03.51.54:669][482]LogModuleManager: Shutting down and abandoning module SlateReflector (170)
[2017.03.29-03.51.54:669][482]LogModuleManager: Shutting down and abandoning module Slate (168)
[2017.03.29-03.51.54:669][482]LogModuleManager: Shutting down and abandoning module EditorStyle (166)
[2017.03.29-03.51.54:677][482]LogModuleManager: Shutting down and abandoning module SourceCodeAccess (164)
[2017.03.29-03.51.54:677][482]LogModuleManager: Shutting down and abandoning module HeadMountedDisplay (162)
[2017.03.29-03.51.54:677][482]LogModuleManager: Shutting down and abandoning module XAudio2 (160)
[2017.03.29-03.51.54:677][482]LogModuleManager: Shutting down and abandoning module Networking (158)
[2017.03.29-03.51.54:677][482]LogModuleManager: Shutting down and abandoning module Core (154)
[2017.03.29-03.51.54:677][482]LogModuleManager: Shutting down and abandoning module AssetRegistry (152)
[2017.03.29-03.51.54:887][482]LogDirectoryWatcher: A directory notification for '../../../Engine/Content/' was aborted.
[2017.03.29-03.51.54:887][482]LogDirectoryWatcher: A directory notification for 'D:/Projects/Unreal/LimbGit/LimbGet/Content/' was aborted.
[2017.03.29-03.51.54:888][482]LogDirectoryWatcher: A directory notification for '../../../Engine/Plugins/2D/Paper2D/Content/' was aborted.
[2017.03.29-03.51.54:888][482]LogModuleManager: Shutting down and abandoning module DirectoryWatcher (151)
[2017.03.29-03.51.54:889][482]LogModuleManager: Shutting down and abandoning module KismetCompiler (148)
[2017.03.29-03.51.54:889][482]LogModuleManager: Shutting down and abandoning module PhysXFormats (146)
[2017.03.29-03.51.54:890][482]LogModuleManager: Shutting down and abandoning module MeshUtilities (144)
[2017.03.29-03.51.54:890][482]LogModuleManager: Shutting down and abandoning module SimplygonSwarm (143)
[2017.03.29-03.51.54:890][482]LogModuleManager: Shutting down and abandoning module SimplygonMeshReduction (141)
[2017.03.29-03.51.54:890][482]LogModuleManager: Shutting down and abandoning module QuadricMeshReduction (139)
[2017.03.29-03.51.54:890][482]LogModuleManager: Shutting down and abandoning module PropertyEditor (137)
[2017.03.29-03.51.54:890][482]LogModuleManager: Shutting down and abandoning module DerivedDataCache (134)
[2017.03.29-03.51.54:935][482]LogDerivedDataCache: Shutdown
[2017.03.29-03.51.54:935][482]LogModuleManager: Shutting down and abandoning module TargetPlatform (132)
[2017.03.29-03.51.54:935][482]LogModuleManager: Shutting down and abandoning module VulkanShaderFormat (131)
[2017.03.29-03.51.54:935][482]LogModuleManager: Shutting down and abandoning module ShaderFormatOpenGL (129)
[2017.03.29-03.51.54:935][482]LogModuleManager: Shutting down and abandoning module ShaderFormatD3D (127)
[2017.03.29-03.51.54:935][482]LogModuleManager: Shutting down and abandoning module MetalShaderFormat (125)
[2017.03.29-03.51.54:935][482]LogModuleManager: Shutting down and abandoning module TextureFormatUncompressed (123)
[2017.03.29-03.51.54:935][482]LogModuleManager: Shutting down and abandoning module TextureFormatPVR (121)
[2017.03.29-03.51.54:935][482]LogModuleManager: Shutting down and abandoning module TextureFormatDXT (119)
[2017.03.29-03.51.54:936][482]LogModuleManager: Shutting down and abandoning module TextureFormatIntelISPCTexComp (117)
[2017.03.29-03.51.54:936][482]LogModuleManager: Shutting down and abandoning module TextureFormatASTC (115)
[2017.03.29-03.51.54:936][482]LogModuleManager: Shutting down and abandoning module ImageWrapper (114)
[2017.03.29-03.51.54:936][482]LogModuleManager: Shutting down and abandoning module TextureFormatAndroid (111)
[2017.03.29-03.51.54:936][482]LogModuleManager: Shutting down and abandoning module AudioFormatOpus (109)
[2017.03.29-03.51.54:936][482]LogModuleManager: Shutting down and abandoning module AudioFormatOgg (107)
[2017.03.29-03.51.54:936][482]LogModuleManager: Shutting down and abandoning module AudioFormatADPCM (105)
[2017.03.29-03.51.54:936][482]LogModuleManager: Shutting down and abandoning module LinuxTargetPlatform (103)
[2017.03.29-03.51.54:936][482]LogModuleManager: Shutting down and abandoning module LinuxServerTargetPlatform (101)
[2017.03.29-03.51.54:936][482]LogModuleManager: Shutting down and abandoning module LinuxNoEditorTargetPlatform (99)
[2017.03.29-03.51.54:936][482]LogModuleManager: Shutting down and abandoning module LinuxClientTargetPlatform (97)
[2017.03.29-03.51.54:936][482]LogModuleManager: Shutting down and abandoning module TVOSTargetPlatform (95)
[2017.03.29-03.51.54:936][482]LogModuleManager: Shutting down and abandoning module Messaging (93)
[2017.03.29-03.51.54:936][482]LogModuleManager: Shutting down and abandoning module IOSTargetPlatform (91)
[2017.03.29-03.51.54:936][482]LogModuleManager: Shutting down and abandoning module HTML5TargetPlatform (89)
[2017.03.29-03.51.54:936][482]LogModuleManager: Shutting down and abandoning module Android_PVRTCTargetPlatform (87)
[2017.03.29-03.51.54:936][482]LogModuleManager: Shutting down and abandoning module Android_MultiTargetPlatform (85)
[2017.03.29-03.51.54:936][482]LogModuleManager: Shutting down and abandoning module Android_ETC2TargetPlatform (83)
[2017.03.29-03.51.54:936][482]LogModuleManager: Shutting down and abandoning module Android_ETC1TargetPlatform (81)
[2017.03.29-03.51.54:936][482]LogModuleManager: Shutting down and abandoning module Android_DXTTargetPlatform (79)
[2017.03.29-03.51.54:936][482]LogModuleManager: Shutting down and abandoning module Android_ATCTargetPlatform (77)
[2017.03.29-03.51.54:936][482]LogModuleManager: Shutting down and abandoning module Android_ASTCTargetPlatform (75)
[2017.03.29-03.51.54:936][482]LogModuleManager: Shutting down and abandoning module AndroidTargetPlatform (73)
[2017.03.29-03.51.54:936][482]LogModuleManager: Shutting down and abandoning module WindowsTargetPlatform (71)
[2017.03.29-03.51.54:936][482]LogModuleManager: Shutting down and abandoning module WindowsServerTargetPlatform (69)
[2017.03.29-03.51.54:936][482]LogModuleManager: Shutting down and abandoning module WindowsNoEditorTargetPlatform (67)
[2017.03.29-03.51.54:936][482]LogModuleManager: Shutting down and abandoning module WindowsClientTargetPlatform (65)
[2017.03.29-03.51.54:936][482]LogModuleManager: Shutting down and abandoning module MacTargetPlatform (63)
[2017.03.29-03.51.54:936][482]LogModuleManager: Shutting down and abandoning module MacServerTargetPlatform (61)
[2017.03.29-03.51.54:936][482]LogModuleManager: Shutting down and abandoning module MacNoEditorTargetPlatform (59)
[2017.03.29-03.51.54:936][482]LogModuleManager: Shutting down and abandoning module MacClientTargetPlatform (57)
[2017.03.29-03.51.54:936][482]LogModuleManager: Shutting down and abandoning module AllDesktopTargetPlatform (55)
[2017.03.29-03.51.54:936][482]LogModuleManager: Shutting down and abandoning module InputCore (52)
[2017.03.29-03.51.54:936][482]LogModuleManager: Shutting down and abandoning module Settings (50)
[2017.03.29-03.51.54:937][482]LogModuleManager: Shutting down and abandoning module OculusRift (48)
[2017.03.29-03.51.54:937][482]LogModuleManager: Shutting down and abandoning module GearVR (46)
[2017.03.29-03.51.54:937][482]LogModuleManager: Shutting down and abandoning module ExampleDeviceProfileSelector (44)
[2017.03.29-03.51.54:937][482]LogModuleManager: Shutting down and abandoning module OnlineBlueprintSupport (42)
[2017.03.29-03.51.54:937][482]LogModuleManager: Shutting down and abandoning module OnlineSubsystem (38)
[2017.03.29-03.51.54:937][482]LogOnline:Display: Unloading online subsystem: NULL
[2017.03.29-03.51.54:937][482]LogModuleManager: Shutting down and abandoning module XMPP (37)
[2017.03.29-03.51.54:937][482]LogModuleManager: Shutting down and abandoning module HTTP (35)
[2017.03.29-03.51.54:937][482]LogHttp:Display: Http module shutting down, but needs to wait on 1 outstanding Http requests:
[2017.03.29-03.51.54:937][482]LogHttp:Display: 	verb=[POST] url=[https://datarouter.ol.epicgames.com/datarouter/api/v1/public/data?SessionID=%7B1F91601C-41F6-3871-FDDD-DF9F11066C65%7D&AppID=UEEditor.Rocket.Release&AppVersion=4.15.1-3348071%2B%2B%2BUE4%2BRelease-4.15&UserID=788b8fa54c9dd36824db2183675c4e2c%7C71790725e5ba41cba5e20a42eea6b927%7C19402656-9d1e-4de2-a4d8-002b266bcd50&AppEnvironment=datacollector-binary&UploadType=eteventstream] status=Processing
[2017.03.29-03.51.54:941][482]LogModuleManager: Shutting down and abandoning module SSL (34)
[2017.03.29-03.51.54:945][482]LogModuleManager: Shutting down and abandoning module AudioEditor (30)
[2017.03.29-03.51.54:945][482]LogModuleManager: Shutting down and abandoning module TextureCompressor (28)
[2017.03.29-03.51.54:945][482]LogModuleManager: Shutting down and abandoning module ShaderCore (26)
[2017.03.29-03.51.54:945][482]LogModuleManager: Shutting down and abandoning module Landscape (24)
[2017.03.29-03.51.54:945][482]LogModuleManager: Shutting down and abandoning module SlateRHIRenderer (22)
[2017.03.29-03.51.54:950][482]LogModuleManager: Shutting down and abandoning module OpenGLDrv (20)
[2017.03.29-03.51.54:950][482]LogModuleManager: Shutting down and abandoning module D3D11RHI (18)
[2017.03.29-03.51.54:950][482]LogModuleManager: Shutting down and abandoning module AnimGraphRuntime (16)
[2017.03.29-03.51.54:950][482]LogModuleManager: Shutting down and abandoning module Renderer (14)
[2017.03.29-03.51.54:950][482]LogModuleManager: Shutting down and abandoning module Engine (12)
[2017.03.29-03.51.54:950][482]LogModuleManager: Shutting down and abandoning module CoreUObject (10)
[2017.03.29-03.51.54:950][482]LogModuleManager: Shutting down and abandoning module NetworkFile (8)
[2017.03.29-03.51.54:950][482]LogModuleManager: Shutting down and abandoning module StreamingFile (6)
[2017.03.29-03.51.54:950][482]LogModuleManager: Shutting down and abandoning module SandboxFile (4)
[2017.03.29-03.51.54:950][482]LogModuleManager: Shutting down and abandoning module PakFile (2)
[2017.03.29-03.51.54:953][482]LogExit: Exiting.
[2017.03.29-03.51.54:967][482]Log file closed, 03/28/17 22:51:54
